<?xml version="1.0" encoding="UTF-8"?>
<!-- Generated by org.testng.reporters.JUnitReportReporter -->
<testsuite hostname="LAPTOP-ASV795KJ" failures="0" tests="3" name="Maven.ZenQ.AddToCart" time="8.483" errors="0" timestamp="23 Apr 2021 15:49:52 GMT" skipped="0">
  <testcase classname="Maven.ZenQ.AddToCart" name="openBrowser" time="0.155"/>
  <testcase classname="Maven.ZenQ.AddToCart" name="getUrl" time="3.455"/>
  <testcase classname="Maven.ZenQ.AddToCart" name="checkingFeatures" time="4.873"/>
</testsuite> <!-- Maven.ZenQ.AddToCart -->
