<?xml version="1.0" encoding="UTF-8"?>
<!-- Generated by org.testng.reporters.JUnitReportReporter -->
<testsuite hostname="LAPTOP-ASV795KJ" failures="0" tests="4" name="Maven.ZenQ.Currency_Converter" time="21.634" errors="0" timestamp="23 Apr 2021 15:53:47 GMT" skipped="0">
  <testcase classname="Maven.ZenQ.Currency_Converter" name="openBrowser" time="0.184"/>
  <testcase classname="Maven.ZenQ.Currency_Converter" name="getUrl" time="5.106"/>
  <testcase classname="Maven.ZenQ.Currency_Converter" name="checkingFeatures" time="5.412"/>
  <testcase classname="Maven.ZenQ.Currency_Converter" name="changeCurrency" time="10.932"/>
</testsuite> <!-- Maven.ZenQ.Currency_Converter -->
